[12:38:04] [Server thread/INFO]: Starting minecraft server version 1.10.2
[12:38:05] [Server thread/INFO]: Loading properties
[12:38:05] [Server thread/INFO]: Default game type: SURVIVAL
[12:38:05] [Server thread/INFO]: Generating keypair
[12:38:05] [Server thread/INFO]: Starting Minecraft server on *:25565
[12:38:05] [Server thread/INFO]: Using epoll channel type
[12:38:05] [Server thread/WARN]: **** SERVER IS RUNNING IN OFFLINE/INSECURE MODE!
[12:38:05] [Server thread/WARN]: The server will make no attempt to authenticate usernames. Beware.
[12:38:05] [Server thread/WARN]: While this makes the game possible to play without internet access, it also opens up the ability for hackers to connect with any username they choose.
[12:38:05] [Server thread/WARN]: To change this, set "online-mode" to "true" in the server.properties file.
[12:38:06] [Server thread/INFO]: Preparing level "23"
[12:38:06] [Server thread/INFO]: Preparing start region for level 0
[12:38:07] [Server thread/INFO]: Preparing spawn area: 52%
[12:38:08] [Server thread/INFO]: Done (2.125s)! For help, type "help" or "?"
[13:00:18] [Server thread/INFO]: Stopping the server
[13:00:18] [Server thread/INFO]: Stopping server
[13:00:18] [Server thread/INFO]: Saving players
[13:00:18] [Server thread/INFO]: Saving worlds
[13:00:18] [Server thread/INFO]: Saving chunks for level '23'/Overworld
[13:00:18] [Server thread/INFO]: Saving chunks for level '23'/Nether
[13:00:18] [Server thread/INFO]: Saving chunks for level '23'/The End
